2019-11-08 15:24:55,025 logger INFO Zigbee:二维码打印14*14:325/00000361
2019-11-08 15:24:55,554 logger INFO 325/00000361:{'zigbee_info': 'G$M:66041$S:325S00000361$D:000000000F33C2F1%Z$A:04CF8CDF3C748603$I:409F3AE91CA0554CA084FEAD8D763242E760'}
2019-11-08 15:25:00,146 logger INFO Zigbee:二维码打印14*14:325/00000361
2019-11-08 15:25:00,678 logger INFO 325/00000361:{'zigbee_info': 'G$M:66041$S:325S00000361$D:000000000F33C2F1%Z$A:04CF8CDF3C748603$I:409F3AE91CA0554CA084FEAD8D763242E760'}
2019-11-08 15:25:04,328 logger INFO Zigbee:二维码打印14*14:325/00000361
2019-11-08 15:25:05,309 logger INFO 325/00000361:{'zigbee_info': 'G$M:66041$S:325S00000361$D:000000000F33C2F1%Z$A:04CF8CDF3C748603$I:409F3AE91CA0554CA084FEAD8D763242E760'}
2019-11-08 15:28:23,897 logger INFO Zigbee:二维码打印14*14:457/S1119A0800102
2019-11-08 15:28:24,516 logger INFO 457/S1119A0800102:{'zigbee_info': 'G$M:1695$S:457SS1119A0800102$D:000000000F358FCC%Z$A:04CF8CDF3C7652DE$I:E5BDAB9AB74C5F6678AF9276DD20FFAABEFF'}
2019-11-15 11:29:43,478 logger INFO 69码打印:米家:325/00000326
2019-11-15 11:31:00,510 logger INFO 69码打印:米家:325/00000326
2019-11-15 11:32:42,701 logger INFO 69码打印:米家:21379/00048293
2019-11-15 11:32:43,748 logger INFO 21379/00048293:{'SKU': 'SKU:SZB4000CN', 'commodity_barcode': '/report/barcode/?type=EAN13&value=6934177707087&width=278&height=210&humanreadable=1', 'SKU_barcode': '/report/barcode/?type=Code128Auto&value=SZB4000CN&width=278&height=50', 'address': '生产地址:广东省深圳市宝安区', 'color': '颜色:碳素黑', 'sn': '21379/00048293', 'barcode': '6934177707087', 'product_name': '小米米家智能门锁/标准锁体 40~80mm门厚', 'datetime': '生产日期:2019.11'}
2019-11-15 11:32:53,237 logger INFO 69码打印:米家:21379/00048293
2019-11-15 11:32:53,981 logger INFO 21379/00048293:{'SKU': 'SKU:SZB4000CN', 'commodity_barcode': '/report/barcode/?type=EAN13&value=6934177707087&width=278&height=210&humanreadable=1', 'SKU_barcode': '/report/barcode/?type=Code128Auto&value=SZB4000CN&width=278&height=50', 'address': '生产地址:广东省深圳市宝安区', 'color': '颜色:碳素黑', 'sn': '21379/00048293', 'barcode': '6934177707087', 'product_name': '小米米家智能门锁/标准锁体 40~80mm门厚', 'datetime': '生产日期:2019.11'}
2019-11-15 11:33:51,087 logger INFO 69码打印:米家:21379/00048293
2019-11-15 11:33:52,216 logger INFO 21379/00048293:{'SKU': 'SKU:SZB4000CN', 'commodity_barcode': '/report/barcode/?type=EAN13&value=6934177707087&width=278&height=210&humanreadable=1', 'SKU_barcode': '/report/barcode/?type=Code128Auto&value=SZB4000CN&width=278&height=50', 'address': '生产地址:广东省深圳市宝安区', 'color': '颜色:碳素黑', 'sn': '21379/00048293', 'barcode': '6934177707087', 'product_name': '小米米家智能门锁/标准锁体 40~80mm门厚', 'datetime': '生产日期:2019.11'}
2019-11-15 15:43:52,389 logger INFO 69码打印:米家:21379/00048293
2019-11-15 15:43:53,430 logger INFO 21379/00048293:{'SKU': 'SKU:SZB4000CN', 'commodity_barcode': '/report/barcode/?type=EAN13&value=6934177707087&width=278&height=210&humanreadable=1', 'SKU_barcode': '/report/barcode/?type=Code128Auto&value=SZB4000CN&width=278&height=50', 'address': '生产地址:广东省深圳市宝安区', 'color': '颜色:碳素黑', 'sn': '21379/00048293', 'barcode': '6934177707087', 'product_name': '小米米家智能门锁/标准锁体 40~80mm门厚', 'datetime': '生产日期:2019.11'}
2019-11-18 10:19:57,798 logger INFO 69码打印:米家:21379/00048293
2019-11-18 10:19:58,793 logger INFO 21379/00048293:{'SKU': 'SKU:SZB4000CN', 'commodity_barcode': '/report/barcode/?type=EAN13&value=6934177707087&width=278&height=210&humanreadable=1', 'SKU_barcode': '/report/barcode/?type=Code128Auto&value=SZB4000CN&width=278&height=50', 'address': '生产地址:广东省深圳市宝安区', 'color': '颜色:碳素黑', 'sn': '21379/00048293', 'barcode': '6934177707087', 'product_name': '小米米家智能门锁/标准锁体 40~80mm门厚', 'datetime': '生产日期:2019.11'}
2019-11-18 14:13:36,863 logger INFO Zigbee:二维码打印:456/S1119B1405322
2019-11-18 14:13:45,550 logger INFO Zigbee:二维码打印14*14:456/S1119B1405322
2019-11-18 14:13:59,422 logger INFO Zigbee:二维码打印14*14:456/S1119B1405322
2019-11-18 14:14:03,422 logger INFO Zigbee:SN同页打印:456/S1119B1405322
2019-11-18 14:15:45,486 logger INFO Zigbee:SN同页打印:456/S1119B1405322
2019-11-18 14:17:23,807 logger INFO Zigbee:SN同页打印:456/S1119B1405322
2019-11-18 14:17:46,174 logger INFO Zigbee:SN同页打印:456/S1119B1405322
2019-11-18 14:17:46,945 logger INFO 456/S1119B1405322:{'zigbee_info': 'G$M:1694$S:456SS1119B1405322$D:000000000F3649BC%Z$A:04CF8CDF3C770CCE$I:30C548C00F7DF936C5AA67E8ABACED402981'}
2019-11-18 14:18:16,813 logger INFO Zigbee:SN同页打印:456/S1119B1405322
2019-11-18 14:18:17,640 logger INFO 456/S1119B1405322:{'zigbee_info': 'G$M:1694$S:456SS1119B1405322$D:000000000F3649BC%Z$A:04CF8CDF3C770CCE$I:30C548C00F7DF936C5AA67E8ABACED402981'}
2019-11-18 14:18:25,158 logger INFO Zigbee:SN同页打印:456/S1119B1405322
2019-11-18 14:18:26,335 logger INFO 456/S1119B1405322:{'zigbee_info': 'G$M:1694$S:456SS1119B1405322$D:000000000F3649BC%Z$A:04CF8CDF3C770CCE$I:30C548C00F7DF936C5AA67E8ABACED402981'}
2019-11-18 14:27:26,558 logger INFO Zigbee:SN同页打印:456/S1119B1405322
2019-11-18 14:27:27,453 logger INFO 456/S1119B1405322:{'zigbee_info': 'G$M:1694$S:456SS1119B1405322$D:000000000F3649BC%Z$A:04CF8CDF3C770CCE$I:30C548C00F7DF936C5AA67E8ABACED402981'}
2019-11-18 14:31:51,350 logger INFO Zigbee:SN同页打印:456/S1119B1405322
2019-11-18 14:31:52,218 logger INFO 456/S1119B1405322:{'zigbee_info': 'G$M:1694$S:456SS1119B1405322$D:000000000F3649BC%Z$A:04CF8CDF3C770CCE$I:30C548C00F7DF936C5AA67E8ABACED402981'}
2019-11-18 14:31:55,806 logger INFO Zigbee:SN同页打印:456/S1119B1405322
2019-11-18 14:31:57,051 logger INFO 456/S1119B1405322:{'zigbee_info': 'G$M:1694$S:456SS1119B1405322$D:000000000F3649BC%Z$A:04CF8CDF3C770CCE$I:30C548C00F7DF936C5AA67E8ABACED402981'}
2019-11-18 14:33:12,237 logger INFO Zigbee:SN同页打印:456/S1119B1405322
2019-11-18 14:33:13,165 logger INFO 456/S1119B1405322:{'zigbee_info': 'G$M:1694$S:456SS1119B1405322$D:000000000F3649BC%Z$A:04CF8CDF3C770CCE$I:30C548C00F7DF936C5AA67E8ABACED402981'}
2019-11-18 14:34:44,581 logger INFO Zigbee:SN同页打印:456/S1119B1405322
2019-11-18 14:34:45,949 logger INFO 456/S1119B1405322:{'zigbee_info': 'G$M:1694$S:456SS1119B1405322$D:000000000F3649BC%Z$A:04CF8CDF3C770CCE$I:30C548C00F7DF936C5AA67E8ABACED402981'}
2019-11-18 14:35:56,245 logger INFO Zigbee:SN同页打印:456/S1119B1405322
2019-11-18 14:35:57,166 logger INFO 456/S1119B1405322:{'zigbee_info': 'G$M:1694$S:456SS1119B1405322$D:000000000F3649BC%Z$A:04CF8CDF3C770CCE$I:30C548C00F7DF936C5AA67E8ABACED402981'}
2019-11-18 14:36:12,221 logger INFO Zigbee:SN同页打印:456/S1119B1405322
2019-11-18 14:36:13,132 logger INFO 456/S1119B1405322:{'zigbee_info': 'G$M:1694$S:456SS1119B1405322$D:000000000F3649BC%Z$A:04CF8CDF3C770CCE$I:30C548C00F7DF936C5AA67E8ABACED402981'}
2019-11-18 14:36:49,414 logger INFO Zigbee:SN同页打印:456/S1119B1405322
2019-11-18 14:36:50,638 logger INFO 456/S1119B1405322:{'zigbee_info': 'G$M:1694$S:456SS1119B1405322$D:000000000F3649BC%Z$A:04CF8CDF3C770CCE$I:30C548C00F7DF936C5AA67E8ABACED402981'}
2019-11-18 14:36:52,037 logger INFO Zigbee:SN同页打印:456/S1119B1405322
2019-11-18 14:36:53,417 logger INFO 456/S1119B1405322:{'zigbee_info': 'G$M:1694$S:456SS1119B1405322$D:000000000F3649BC%Z$A:04CF8CDF3C770CCE$I:30C548C00F7DF936C5AA67E8ABACED402981'}
2019-11-18 14:39:50,748 logger INFO Zigbee:SN同页打印:456/S1119B1405322
2019-11-18 14:39:51,716 logger INFO 456/S1119B1405322:{'zigbee_info': 'G$M:1694$S:456SS1119B1405322$D:000000000F3649BC%Z$A:04CF8CDF3C770CCE$I:30C548C00F7DF936C5AA67E8ABACED402981'}
2019-11-18 14:39:54,182 logger INFO Zigbee:SN同页打印:456/S1119B1405322
2019-11-18 14:39:55,138 logger INFO 456/S1119B1405322:{'zigbee_info': 'G$M:1694$S:456SS1119B1405322$D:000000000F3649BC%Z$A:04CF8CDF3C770CCE$I:30C548C00F7DF936C5AA67E8ABACED402981'}
2019-11-18 14:39:56,237 logger INFO Zigbee:SN同页打印:456/S1119B1405322
2019-11-18 14:39:57,251 logger INFO 456/S1119B1405322:{'zigbee_info': 'G$M:1694$S:456SS1119B1405322$D:000000000F3649BC%Z$A:04CF8CDF3C770CCE$I:30C548C00F7DF936C5AA67E8ABACED402981'}
2019-11-18 14:40:40,308 logger INFO Zigbee:SN同页打印:456/S1119B1405322
2019-11-18 14:40:41,231 logger INFO 456/S1119B1405322:{'zigbee_info': 'G$M:1694$S:456SS1119B1405322$D:000000000F3649BC%Z$A:04CF8CDF3C770CCE$I:30C548C00F7DF936C5AA67E8ABACED402981'}
2019-11-18 14:40:42,924 logger INFO Zigbee:SN同页打印:456/S1119B1405322
2019-11-18 14:40:43,813 logger INFO 456/S1119B1405322:{'zigbee_info': 'G$M:1694$S:456SS1119B1405322$D:000000000F3649BC%Z$A:04CF8CDF3C770CCE$I:30C548C00F7DF936C5AA67E8ABACED402981'}
2019-11-18 14:40:47,524 logger INFO Zigbee:SN同页打印:456/S1119B1405322
2019-11-18 14:40:48,519 logger INFO 456/S1119B1405322:{'zigbee_info': 'G$M:1694$S:456SS1119B1405322$D:000000000F3649BC%Z$A:04CF8CDF3C770CCE$I:30C548C00F7DF936C5AA67E8ABACED402981'}
2019-11-18 14:53:24,731 logger INFO Zigbee:SN同页打印:456/S1119B1405322
2019-11-18 14:53:25,409 logger INFO 456/S1119B1405322:{'zigbee_info': 'G$M:1694$S:456SS1119B1405322$D:000000000F3649BC%Z$A:04CF8CDF3C770CCE$I:30C548C00F7DF936C5AA67E8ABACED402981'}
2019-11-18 14:53:26,773 logger INFO Zigbee:SN同页打印:456/S1119B1405322
2019-11-18 14:53:27,552 logger INFO 456/S1119B1405322:{'zigbee_info': 'G$M:1694$S:456SS1119B1405322$D:000000000F3649BC%Z$A:04CF8CDF3C770CCE$I:30C548C00F7DF936C5AA67E8ABACED402981'}
2019-11-18 14:53:28,716 logger INFO Zigbee:SN同页打印:456/S1119B1405322
2019-11-18 14:53:29,412 logger INFO 456/S1119B1405322:{'zigbee_info': 'G$M:1694$S:456SS1119B1405322$D:000000000F3649BC%Z$A:04CF8CDF3C770CCE$I:30C548C00F7DF936C5AA67E8ABACED402981'}
2019-11-20 10:58:33,735 logger INFO 69码打印:米家:25311/00000651
2019-11-20 10:58:50,326 logger INFO 69码打印:米家:25311/00000651
2019-11-20 10:59:06,486 logger INFO 69码打印:米家:25311/00000651
2019-11-20 11:00:42,575 logger INFO 69码打印:米家:25311/00000651
2019-11-20 11:00:48,813 logger INFO 25311/00000651:{'SKU': 'SKU:SZB4022CN', 'commodity_barcode': '/report/barcode/?type=EAN13&value=6934177714108&width=278&height=210&humanreadable=1', 'SKU_barcode': '/report/barcode/?type=Code128Auto&value=SZB4022CN&width=278&height=50', 'address': '生产地址:广东省佛山市南海区', 'color': '颜色:碳素黑', 'sn': '25311/00000651', 'barcode': '6934177714108', 'product_name': '小米米家智能门锁/6068锁体 40～80mm 门厚', 'datetime': '生产日期:2019.11'}
2019-11-25 16:14:47,897 logger INFO Zigbee:二维码打印14*14:325/00000001
2019-11-25 16:16:24,529 logger INFO Zigbee:二维码打印14*14:325/00000361
2019-11-25 16:16:25,500 logger INFO 325/00000361:{'zigbee_info': 'G$M:66041$S:325S00000361$D:000000000F33C2F1%Z$A:04CF8CDF3C748603$I:409F3AE91CA0554CA084FEAD8D763242E760'}
2019-11-25 16:16:58,193 logger INFO Zigbee:二维码打印:325/00000361
2019-11-25 16:16:58,787 logger INFO 325/00000361:{'zigbee_info': 'G$M:66041$S:325S00000361$D:000000000F33C2F1%Z$A:04CF8CDF3C748603$I:409F3AE91CA0554CA084FEAD8D763242E760'}
2019-11-25 16:19:31,824 logger INFO Zigbee:SN同页打印:325/00000361
2019-11-25 16:19:32,582 logger INFO 325/00000361:{'zigbee_info': 'G$M:66041$S:325S00000361$D:000000000F33C2F1%Z$A:04CF8CDF3C748603$I:409F3AE91CA0554CA084FEAD8D763242E760'}
2019-11-25 16:19:38,993 logger INFO Zigbee:二维码打印:325/00000361
2019-11-25 16:19:39,462 logger INFO 325/00000361:{'zigbee_info': 'G$M:66041$S:325S00000361$D:000000000F33C2F1%Z$A:04CF8CDF3C748603$I:409F3AE91CA0554CA084FEAD8D763242E760'}
2019-11-26 11:04:58,718 logger INFO Zigbee:Install Code:325/00000361
2019-11-26 11:04:59,442 logger INFO 325/00000361:{'zigbee_info': 'G$M:66041$S:325S00000361$D:000000000F33C2F1%Z$A:04CF8CDF3C748603$I:409F3AE91CA0554CA084FEAD8D763242E760'}
2019-11-26 14:24:01,535 logger INFO Zigbee:SN同页打印:asdsad
2020-01-13 11:18:50,418 logger INFO SN:36*10mm:sadsadsad
2020-01-13 11:20:31,719 logger INFO SN:36*10mm:adsdas
2020-01-13 11:21:57,015 logger INFO SN:36*10mm:asdsadas
2020-01-13 11:23:18,231 logger INFO SN:36*10mm:asdsadsad
2020-01-13 11:36:54,776 logger INFO SN:36*10mm:sadadasd
2020-01-13 11:38:13,169 logger INFO SN:36*10mm:sdsadsa
2020-01-13 11:44:10,239 logger INFO SN:36*10mm:ddsdfdsf
2020-01-13 14:06:22,485 logger INFO SN:36*10mm:sdfdsf
